/opt/conda/conda-4.12.0/envs/python3/lib/python3.7/site-packages/galpy/util/bovy_conversion.py:6: FutureWarning: galpy.util.bovy_conversion is being deprecated in favor of galpy.util.conversion; all functions in there are the same; please switch to the new import, because the old import will be removed in v1.9
  warnings.warn('galpy.util.bovy_conversion is being deprecated in favor of galpy.util.conversion; all functions in there are the same; please switch to the new import, because the old import will be removed in v1.9',FutureWarning)

330392
/opt/conda/conda-4.12.0/envs/python3/lib/python3.7/site-packages/galpy/orbit/Orbits.py:2071: RuntimeWarning: invalid value encountered in true_divide
  /(numpy.amax(rs,axis=-1)+numpy.amin(rs,axis=-1))

/opt/conda/conda-4.12.0/envs/python3/lib/python3.7/site-packages/pandas/core/frame.py:3678: SettingWithCopyWarning: 
A value is trying to be set on a copy of a slice from a DataFrame.
Try using .loc[row_indexer,col_indexer] = value instead

See the caveats in the documentation: https://pandas.pydata.org/pandas-docs/stable/user_guide/indexing.html#returning-a-view-versus-a-copy
  self[col] = igetitem(value, i)

0done!
/opt/conda/conda-4.12.0/envs/python3/lib/python3.7/site-packages/galpy/util/bovy_conversion.py:6: FutureWarning: galpy.util.bovy_conversion is being deprecated in favor of galpy.util.conversion; all functions in there are the same; please switch to the new import, because the old import will be removed in v1.9
  warnings.warn('galpy.util.bovy_conversion is being deprecated in favor of galpy.util.conversion; all functions in there are the same; please switch to the new import, because the old import will be removed in v1.9',FutureWarning)

330392
/opt/conda/conda-4.12.0/envs/python3/lib/python3.7/site-packages/galpy/potential/SCFPotential.py:228: RuntimeWarning: overflow encountered in power
  phi[:,:] = - a**l*r**(-l-1.)/ ((1.+a/r)**(2*l + 1.)) * CC[:,:]* (4*numpy.pi)**0.5

/opt/conda/conda-4.12.0/envs/python3/lib/python3.7/site-packages/galpy/orbit/Orbits.py:2071: RuntimeWarning: invalid value encountered in true_divide
  /(numpy.amax(rs,axis=-1)+numpy.amin(rs,axis=-1))

/opt/conda/conda-4.12.0/envs/python3/lib/python3.7/site-packages/pandas/core/frame.py:3678: SettingWithCopyWarning: 
A value is trying to be set on a copy of a slice from a DataFrame.
Try using .loc[row_indexer,col_indexer] = value instead

See the caveats in the documentation: https://pandas.pydata.org/pandas-docs/stable/user_guide/indexing.html#returning-a-view-versus-a-copy
  self[col] = igetitem(value, i)

1done!
/opt/conda/conda-4.12.0/envs/python3/lib/python3.7/site-packages/galpy/util/bovy_conversion.py:6: FutureWarning: galpy.util.bovy_conversion is being deprecated in favor of galpy.util.conversion; all functions in there are the same; please switch to the new import, because the old import will be removed in v1.9
  warnings.warn('galpy.util.bovy_conversion is being deprecated in favor of galpy.util.conversion; all functions in there are the same; please switch to the new import, because the old import will be removed in v1.9',FutureWarning)

330392
/opt/conda/conda-4.12.0/envs/python3/lib/python3.7/site-packages/galpy/orbit/Orbits.py:2071: RuntimeWarning: invalid value encountered in true_divide
  /(numpy.amax(rs,axis=-1)+numpy.amin(rs,axis=-1))

/opt/conda/conda-4.12.0/envs/python3/lib/python3.7/site-packages/pandas/core/frame.py:3678: SettingWithCopyWarning: 
A value is trying to be set on a copy of a slice from a DataFrame.
Try using .loc[row_indexer,col_indexer] = value instead

See the caveats in the documentation: https://pandas.pydata.org/pandas-docs/stable/user_guide/indexing.html#returning-a-view-versus-a-copy
  self[col] = igetitem(value, i)

2done!
/opt/conda/conda-4.12.0/envs/python3/lib/python3.7/site-packages/galpy/util/bovy_conversion.py:6: FutureWarning: galpy.util.bovy_conversion is being deprecated in favor of galpy.util.conversion; all functions in there are the same; please switch to the new import, because the old import will be removed in v1.9
  warnings.warn('galpy.util.bovy_conversion is being deprecated in favor of galpy.util.conversion; all functions in there are the same; please switch to the new import, because the old import will be removed in v1.9',FutureWarning)

330392
/opt/conda/conda-4.12.0/envs/python3/lib/python3.7/site-packages/galpy/orbit/Orbits.py:2071: RuntimeWarning: invalid value encountered in true_divide
  /(numpy.amax(rs,axis=-1)+numpy.amin(rs,axis=-1))

/opt/conda/conda-4.12.0/envs/python3/lib/python3.7/site-packages/pandas/core/frame.py:3678: SettingWithCopyWarning: 
A value is trying to be set on a copy of a slice from a DataFrame.
Try using .loc[row_indexer,col_indexer] = value instead

See the caveats in the documentation: https://pandas.pydata.org/pandas-docs/stable/user_guide/indexing.html#returning-a-view-versus-a-copy
  self[col] = igetitem(value, i)

3done!
/opt/conda/conda-4.12.0/envs/python3/lib/python3.7/site-packages/galpy/util/bovy_conversion.py:6: FutureWarning: galpy.util.bovy_conversion is being deprecated in favor of galpy.util.conversion; all functions in there are the same; please switch to the new import, because the old import will be removed in v1.9
  warnings.warn('galpy.util.bovy_conversion is being deprecated in favor of galpy.util.conversion; all functions in there are the same; please switch to the new import, because the old import will be removed in v1.9',FutureWarning)

330392
/opt/conda/conda-4.12.0/envs/python3/lib/python3.7/site-packages/galpy/orbit/Orbits.py:2071: RuntimeWarning: invalid value encountered in true_divide
  /(numpy.amax(rs,axis=-1)+numpy.amin(rs,axis=-1))

/opt/conda/conda-4.12.0/envs/python3/lib/python3.7/site-packages/pandas/core/frame.py:3678: SettingWithCopyWarning: 
A value is trying to be set on a copy of a slice from a DataFrame.
Try using .loc[row_indexer,col_indexer] = value instead

See the caveats in the documentation: https://pandas.pydata.org/pandas-docs/stable/user_guide/indexing.html#returning-a-view-versus-a-copy
  self[col] = igetitem(value, i)

4done!
/opt/conda/conda-4.12.0/envs/python3/lib/python3.7/site-packages/galpy/util/bovy_conversion.py:6: FutureWarning: galpy.util.bovy_conversion is being deprecated in favor of galpy.util.conversion; all functions in there are the same; please switch to the new import, because the old import will be removed in v1.9
  warnings.warn('galpy.util.bovy_conversion is being deprecated in favor of galpy.util.conversion; all functions in there are the same; please switch to the new import, because the old import will be removed in v1.9',FutureWarning)

330392
/opt/conda/conda-4.12.0/envs/python3/lib/python3.7/site-packages/galpy/orbit/Orbits.py:2071: RuntimeWarning: invalid value encountered in true_divide
  /(numpy.amax(rs,axis=-1)+numpy.amin(rs,axis=-1))

/opt/conda/conda-4.12.0/envs/python3/lib/python3.7/site-packages/pandas/core/frame.py:3678: SettingWithCopyWarning: 
A value is trying to be set on a copy of a slice from a DataFrame.
Try using .loc[row_indexer,col_indexer] = value instead

See the caveats in the documentation: https://pandas.pydata.org/pandas-docs/stable/user_guide/indexing.html#returning-a-view-versus-a-copy
  self[col] = igetitem(value, i)

5done!
/opt/conda/conda-4.12.0/envs/python3/lib/python3.7/site-packages/galpy/util/bovy_conversion.py:6: FutureWarning: galpy.util.bovy_conversion is being deprecated in favor of galpy.util.conversion; all functions in there are the same; please switch to the new import, because the old import will be removed in v1.9
  warnings.warn('galpy.util.bovy_conversion is being deprecated in favor of galpy.util.conversion; all functions in there are the same; please switch to the new import, because the old import will be removed in v1.9',FutureWarning)

330392
/opt/conda/conda-4.12.0/envs/python3/lib/python3.7/site-packages/galpy/orbit/Orbits.py:2071: RuntimeWarning: invalid value encountered in true_divide
  /(numpy.amax(rs,axis=-1)+numpy.amin(rs,axis=-1))

/opt/conda/conda-4.12.0/envs/python3/lib/python3.7/site-packages/pandas/core/frame.py:3678: SettingWithCopyWarning: 
A value is trying to be set on a copy of a slice from a DataFrame.
Try using .loc[row_indexer,col_indexer] = value instead

See the caveats in the documentation: https://pandas.pydata.org/pandas-docs/stable/user_guide/indexing.html#returning-a-view-versus-a-copy
  self[col] = igetitem(value, i)

6done!
/opt/conda/conda-4.12.0/envs/python3/lib/python3.7/site-packages/galpy/util/bovy_conversion.py:6: FutureWarning: galpy.util.bovy_conversion is being deprecated in favor of galpy.util.conversion; all functions in there are the same; please switch to the new import, because the old import will be removed in v1.9
  warnings.warn('galpy.util.bovy_conversion is being deprecated in favor of galpy.util.conversion; all functions in there are the same; please switch to the new import, because the old import will be removed in v1.9',FutureWarning)

330392
/opt/conda/conda-4.12.0/envs/python3/lib/python3.7/site-packages/galpy/orbit/Orbits.py:2071: RuntimeWarning: invalid value encountered in true_divide
  /(numpy.amax(rs,axis=-1)+numpy.amin(rs,axis=-1))

/opt/conda/conda-4.12.0/envs/python3/lib/python3.7/site-packages/pandas/core/frame.py:3678: SettingWithCopyWarning: 
A value is trying to be set on a copy of a slice from a DataFrame.
Try using .loc[row_indexer,col_indexer] = value instead

See the caveats in the documentation: https://pandas.pydata.org/pandas-docs/stable/user_guide/indexing.html#returning-a-view-versus-a-copy
  self[col] = igetitem(value, i)

7done!
/opt/conda/conda-4.12.0/envs/python3/lib/python3.7/site-packages/galpy/util/bovy_conversion.py:6: FutureWarning: galpy.util.bovy_conversion is being deprecated in favor of galpy.util.conversion; all functions in there are the same; please switch to the new import, because the old import will be removed in v1.9
  warnings.warn('galpy.util.bovy_conversion is being deprecated in favor of galpy.util.conversion; all functions in there are the same; please switch to the new import, because the old import will be removed in v1.9',FutureWarning)

330392
8done!
/opt/conda/conda-4.12.0/envs/python3/lib/python3.7/site-packages/galpy/util/bovy_conversion.py:6: FutureWarning: galpy.util.bovy_conversion is being deprecated in favor of galpy.util.conversion; all functions in there are the same; please switch to the new import, because the old import will be removed in v1.9
  warnings.warn('galpy.util.bovy_conversion is being deprecated in favor of galpy.util.conversion; all functions in there are the same; please switch to the new import, because the old import will be removed in v1.9',FutureWarning)

330392
/opt/conda/conda-4.12.0/envs/python3/lib/python3.7/site-packages/galpy/orbit/Orbits.py:2071: RuntimeWarning: invalid value encountered in true_divide
  /(numpy.amax(rs,axis=-1)+numpy.amin(rs,axis=-1))

330392
/opt/conda/conda-4.12.0/envs/python3/lib/python3.7/site-packages/pandas/core/frame.py:3678: SettingWithCopyWarning: 
A value is trying to be set on a copy of a slice from a DataFrame.
Try using .loc[row_indexer,col_indexer] = value instead

See the caveats in the documentation: https://pandas.pydata.org/pandas-docs/stable/user_guide/indexing.html#returning-a-view-versus-a-copy
  self[col] = igetitem(value, i)

0done!
/opt/conda/conda-4.12.0/envs/python3/lib/python3.7/site-packages/galpy/util/bovy_conversion.py:6: FutureWarning: galpy.util.bovy_conversion is being deprecated in favor of galpy.util.conversion; all functions in there are the same; please switch to the new import, because the old import will be removed in v1.9
  warnings.warn('galpy.util.bovy_conversion is being deprecated in favor of galpy.util.conversion; all functions in there are the same; please switch to the new import, because the old import will be removed in v1.9',FutureWarning)

330392
/opt/conda/conda-4.12.0/envs/python3/lib/python3.7/site-packages/galpy/potential/SCFPotential.py:228: RuntimeWarning: overflow encountered in power
  phi[:,:] = - a**l*r**(-l-1.)/ ((1.+a/r)**(2*l + 1.)) * CC[:,:]* (4*numpy.pi)**0.5

/opt/conda/conda-4.12.0/envs/python3/lib/python3.7/site-packages/galpy/orbit/Orbits.py:2071: RuntimeWarning: invalid value encountered in true_divide
  /(numpy.amax(rs,axis=-1)+numpy.amin(rs,axis=-1))

330392
/opt/conda/conda-4.12.0/envs/python3/lib/python3.7/site-packages/pandas/core/frame.py:3678: SettingWithCopyWarning: 
A value is trying to be set on a copy of a slice from a DataFrame.
Try using .loc[row_indexer,col_indexer] = value instead

See the caveats in the documentation: https://pandas.pydata.org/pandas-docs/stable/user_guide/indexing.html#returning-a-view-versus-a-copy
  self[col] = igetitem(value, i)

1done!
/opt/conda/conda-4.12.0/envs/python3/lib/python3.7/site-packages/galpy/util/bovy_conversion.py:6: FutureWarning: galpy.util.bovy_conversion is being deprecated in favor of galpy.util.conversion; all functions in there are the same; please switch to the new import, because the old import will be removed in v1.9
  warnings.warn('galpy.util.bovy_conversion is being deprecated in favor of galpy.util.conversion; all functions in there are the same; please switch to the new import, because the old import will be removed in v1.9',FutureWarning)

330392
/opt/conda/conda-4.12.0/envs/python3/lib/python3.7/site-packages/galpy/orbit/Orbits.py:2071: RuntimeWarning: invalid value encountered in true_divide
  /(numpy.amax(rs,axis=-1)+numpy.amin(rs,axis=-1))

330392
/opt/conda/conda-4.12.0/envs/python3/lib/python3.7/site-packages/pandas/core/frame.py:3678: SettingWithCopyWarning: 
A value is trying to be set on a copy of a slice from a DataFrame.
Try using .loc[row_indexer,col_indexer] = value instead

See the caveats in the documentation: https://pandas.pydata.org/pandas-docs/stable/user_guide/indexing.html#returning-a-view-versus-a-copy
  self[col] = igetitem(value, i)

2done!
/opt/conda/conda-4.12.0/envs/python3/lib/python3.7/site-packages/galpy/util/bovy_conversion.py:6: FutureWarning: galpy.util.bovy_conversion is being deprecated in favor of galpy.util.conversion; all functions in there are the same; please switch to the new import, because the old import will be removed in v1.9
  warnings.warn('galpy.util.bovy_conversion is being deprecated in favor of galpy.util.conversion; all functions in there are the same; please switch to the new import, because the old import will be removed in v1.9',FutureWarning)

330392
/opt/conda/conda-4.12.0/envs/python3/lib/python3.7/site-packages/galpy/orbit/Orbits.py:2071: RuntimeWarning: invalid value encountered in true_divide
  /(numpy.amax(rs,axis=-1)+numpy.amin(rs,axis=-1))

330392
/opt/conda/conda-4.12.0/envs/python3/lib/python3.7/site-packages/pandas/core/frame.py:3678: SettingWithCopyWarning: 
A value is trying to be set on a copy of a slice from a DataFrame.
Try using .loc[row_indexer,col_indexer] = value instead

See the caveats in the documentation: https://pandas.pydata.org/pandas-docs/stable/user_guide/indexing.html#returning-a-view-versus-a-copy
  self[col] = igetitem(value, i)

3done!
/opt/conda/conda-4.12.0/envs/python3/lib/python3.7/site-packages/galpy/util/bovy_conversion.py:6: FutureWarning: galpy.util.bovy_conversion is being deprecated in favor of galpy.util.conversion; all functions in there are the same; please switch to the new import, because the old import will be removed in v1.9
  warnings.warn('galpy.util.bovy_conversion is being deprecated in favor of galpy.util.conversion; all functions in there are the same; please switch to the new import, because the old import will be removed in v1.9',FutureWarning)

330392
/opt/conda/conda-4.12.0/envs/python3/lib/python3.7/site-packages/galpy/orbit/Orbits.py:2071: RuntimeWarning: invalid value encountered in true_divide
  /(numpy.amax(rs,axis=-1)+numpy.amin(rs,axis=-1))

330392
/opt/conda/conda-4.12.0/envs/python3/lib/python3.7/site-packages/pandas/core/frame.py:3678: SettingWithCopyWarning: 
A value is trying to be set on a copy of a slice from a DataFrame.
Try using .loc[row_indexer,col_indexer] = value instead

See the caveats in the documentation: https://pandas.pydata.org/pandas-docs/stable/user_guide/indexing.html#returning-a-view-versus-a-copy
  self[col] = igetitem(value, i)

4done!
/opt/conda/conda-4.12.0/envs/python3/lib/python3.7/site-packages/galpy/util/bovy_conversion.py:6: FutureWarning: galpy.util.bovy_conversion is being deprecated in favor of galpy.util.conversion; all functions in there are the same; please switch to the new import, because the old import will be removed in v1.9
  warnings.warn('galpy.util.bovy_conversion is being deprecated in favor of galpy.util.conversion; all functions in there are the same; please switch to the new import, because the old import will be removed in v1.9',FutureWarning)

330392
/opt/conda/conda-4.12.0/envs/python3/lib/python3.7/site-packages/galpy/orbit/Orbits.py:2071: RuntimeWarning: invalid value encountered in true_divide
  /(numpy.amax(rs,axis=-1)+numpy.amin(rs,axis=-1))

330392
/opt/conda/conda-4.12.0/envs/python3/lib/python3.7/site-packages/pandas/core/frame.py:3678: SettingWithCopyWarning: 
A value is trying to be set on a copy of a slice from a DataFrame.
Try using .loc[row_indexer,col_indexer] = value instead

See the caveats in the documentation: https://pandas.pydata.org/pandas-docs/stable/user_guide/indexing.html#returning-a-view-versus-a-copy
  self[col] = igetitem(value, i)

5done!
/opt/conda/conda-4.12.0/envs/python3/lib/python3.7/site-packages/galpy/util/bovy_conversion.py:6: FutureWarning: galpy.util.bovy_conversion is being deprecated in favor of galpy.util.conversion; all functions in there are the same; please switch to the new import, because the old import will be removed in v1.9
  warnings.warn('galpy.util.bovy_conversion is being deprecated in favor of galpy.util.conversion; all functions in there are the same; please switch to the new import, because the old import will be removed in v1.9',FutureWarning)

330392
/opt/conda/conda-4.12.0/envs/python3/lib/python3.7/site-packages/galpy/orbit/Orbits.py:2071: RuntimeWarning: invalid value encountered in true_divide
  /(numpy.amax(rs,axis=-1)+numpy.amin(rs,axis=-1))

330392
/opt/conda/conda-4.12.0/envs/python3/lib/python3.7/site-packages/pandas/core/frame.py:3678: SettingWithCopyWarning: 
A value is trying to be set on a copy of a slice from a DataFrame.
Try using .loc[row_indexer,col_indexer] = value instead

See the caveats in the documentation: https://pandas.pydata.org/pandas-docs/stable/user_guide/indexing.html#returning-a-view-versus-a-copy
  self[col] = igetitem(value, i)

6done!
/opt/conda/conda-4.12.0/envs/python3/lib/python3.7/site-packages/galpy/util/bovy_conversion.py:6: FutureWarning: galpy.util.bovy_conversion is being deprecated in favor of galpy.util.conversion; all functions in there are the same; please switch to the new import, because the old import will be removed in v1.9
  warnings.warn('galpy.util.bovy_conversion is being deprecated in favor of galpy.util.conversion; all functions in there are the same; please switch to the new import, because the old import will be removed in v1.9',FutureWarning)

330392
/opt/conda/conda-4.12.0/envs/python3/lib/python3.7/site-packages/galpy/orbit/Orbits.py:2071: RuntimeWarning: invalid value encountered in true_divide
  /(numpy.amax(rs,axis=-1)+numpy.amin(rs,axis=-1))

330392
/opt/conda/conda-4.12.0/envs/python3/lib/python3.7/site-packages/pandas/core/frame.py:3678: SettingWithCopyWarning: 
A value is trying to be set on a copy of a slice from a DataFrame.
Try using .loc[row_indexer,col_indexer] = value instead

See the caveats in the documentation: https://pandas.pydata.org/pandas-docs/stable/user_guide/indexing.html#returning-a-view-versus-a-copy
  self[col] = igetitem(value, i)

7done!
/opt/conda/conda-4.12.0/envs/python3/lib/python3.7/site-packages/galpy/util/bovy_conversion.py:6: FutureWarning: galpy.util.bovy_conversion is being deprecated in favor of galpy.util.conversion; all functions in there are the same; please switch to the new import, because the old import will be removed in v1.9
  warnings.warn('galpy.util.bovy_conversion is being deprecated in favor of galpy.util.conversion; all functions in there are the same; please switch to the new import, because the old import will be removed in v1.9',FutureWarning)

330392
/opt/conda/conda-4.12.0/envs/python3/lib/python3.7/site-packages/galpy/orbit/Orbits.py:2071: RuntimeWarning: invalid value encountered in true_divide
  /(numpy.amax(rs,axis=-1)+numpy.amin(rs,axis=-1))

330392
/opt/conda/conda-4.12.0/envs/python3/lib/python3.7/site-packages/pandas/core/frame.py:3678: SettingWithCopyWarning: 
A value is trying to be set on a copy of a slice from a DataFrame.
Try using .loc[row_indexer,col_indexer] = value instead

See the caveats in the documentation: https://pandas.pydata.org/pandas-docs/stable/user_guide/indexing.html#returning-a-view-versus-a-copy
  self[col] = igetitem(value, i)

8done!
